./001/CryptoAtoms.sol,withdrawBalance
./001/CryptoAtomsLogic.sol,buyByAtom
./002/ProofOfLove.sol,deposit
./003/ShrimpFarmer.sol,buyEggs,sellEggs
./004/CryptoMiningWar.sol,buyBooster,withdrawReward
./006/Etheroll.sol,playerRollDice
./007/KittyCore.sol,_bid
./009/Dice2Win.sol,placeBet
./010/VfSE_Lottery_3.sol,play,draw
./011/AuctionBox.sol,placeBid,finalizeAuction
./012/Voting.sol,voteForCandidate
./013/Voting.sol,voteForCandidate
./015/Heiswap.sol,deposit,withdraw
./016/Lottery.sol,addTokens,closeGame,getPrice
./017/AuctionRepository.sol,cancelAuction,finalizeAuction,bidOnAuction
./020/ZettaToken.sol,transfer
./022/Voting.sol,vote
./023/GnosisSafe.sol,execTransaction
./024/Vote.sol,vote
./025/Election.sol,vote
./026/Election.sol,vote
./027/Election.sol,vote
./028/Voting.sol,vote
./029/Election.sol,vote
./030/Election.sol,vote
./031/Election.sol,vote
./032/Voting.sol,vote
./033/main.sol,invest,close
./034/main.sol,buyTokens,claimRefund,finalize
