functions/001/CryptoAtoms.sol,withdrawBalance
functions/001/CryptoAtomsLogic.sol,buyByAtom
functions/002/ProofOfLove.sol,deposit
functions/003/ShrimpFarmer.sol,buyEggs,sellEggs
functions/004/CryptoMiningWar.sol,buyBooster,withdrawReward
functions/006/Etheroll.sol,playerRollDice
functions/007/KittyCore.sol,_bid
functions/009/Dice2Win.sol,placeBet
functions/010/VfSE_Lottery_3.sol,play,draw
functions/011/AuctionBox.sol,placeBid,finalizeAuction
functions/012/Voting.sol,voteForCandidate
functions/013/Voting.sol,voteForCandidate
functions/015/Heiswap.sol,deposit,withdraw
functions/016/Lottery.sol,addTokens,closeGame,getPrice
functions/017/AuctionRepository.sol,cancelAuction,finalizeAuction,bidOnAuction
functions/020/ZettaToken.sol,transfer
functions/022/Voting.sol,vote
functions/023/GnosisSafe.sol,execTransaction
functions/024/Vote.sol,vote
functions/025/Election.sol,vote
functions/026/Election.sol,vote
functions/027/Election.sol,vote
functions/028/Voting.sol,vote
functions/029/Election.sol,vote
functions/030/Election.sol,vote
functions/031/Election.sol,vote
functions/032/Voting.sol,vote
functions/033/main.sol,invest,close
functions/034/main.sol,buyTokens,claimRefund,finalize
